<?xml version="1.0" encoding="UTF-8"?>
<testng-results ignored="0" total="1" passed="1" failed="0" skipped="0">
  <reporter-output>
  </reporter-output>
  <suite started-at="2024-04-27T00:09:22 IST" name="Default suite" finished-at="2024-04-27T00:09:23 IST" duration-ms="1627">
    <groups>
    </groups>
    <test started-at="2024-04-27T00:09:22 IST" name="Default test" finished-at="2024-04-27T00:09:23 IST" duration-ms="1627">
      <class name="Practice.AboutLogMethod">
        <test-method signature="logMethod()[pri:0, instance:Practice.AboutLogMethod@67f639d3]" started-at="2024-04-27T00:09:22 IST" name="logMethod" finished-at="2024-04-27T00:09:23 IST" duration-ms="1578" status="PASS">
          <reporter-output>
          </reporter-output>
        </test-method> <!-- logMethod -->
      </class> <!-- Practice.AboutLogMethod -->
    </test> <!-- Default test -->
  </suite> <!-- Default suite -->
</testng-results>
